2023-09-02 22:07:42 [0000.000074s | Δ00.000074s] [INFO] - main >>  WIDTH: 1920, HEIGHT: 1080, FULLSCREEN: false, ENV_STEP: false, ENV_SEED: 0
2023-09-02 22:07:42 [0000.000175s | Δ00.000101s] [DEBUG] - main >> init_sdl
2023-09-02 22:07:43 [0001.045242s | Δ01.045067s] [DEBUG] - main >> Environment::new. env_seed: 407638133
2023-09-02 22:07:50 [0008.355361s | Δ07.310119s] [DEBUG] - main >> Starting main loop
2023-09-02 22:07:50 [0008.358626s | Δ00.003265s] [DEBUG] - main >> render_current_state
2023-09-02 22:07:51 [0009.195088s | Δ00.836461s] [DEBUG] - main >> env.update()
2023-09-02 22:07:51 [0009.392602s | Δ00.197514s] [DEBUG] - main >> env.update_terrain
2023-09-02 22:07:51 [0009.392712s | Δ00.000110s] [DEBUG] - main >> render_current_state
2023-09-02 22:07:51 [0009.920996s | Δ00.528284s] [DEBUG] - main >> env.update()
2023-09-02 22:07:52 [0010.092387s | Δ00.171391s] [DEBUG] - main >> env.update_terrain
2023-09-02 22:07:52 [0010.092488s | Δ00.000101s] [DEBUG] - main >> render_current_state
2023-09-02 22:07:52 [0010.530757s | Δ00.438270s] [DEBUG] - main >> env.update()
2023-09-02 22:07:52 [0010.701690s | Δ00.170933s] [DEBUG] - main >> env.update_terrain
2023-09-02 22:07:52 [0010.701787s | Δ00.000097s] [DEBUG] - main >> render_current_state
2023-09-02 22:07:53 [0011.152593s | Δ00.450805s] [DEBUG] - main >> env.update()
2023-09-02 22:07:53 [0011.322809s | Δ00.170216s] [DEBUG] - main >> env.update_terrain
2023-09-02 22:07:53 [0011.323520s | Δ00.000711s] [DEBUG] - main >> render_current_state
2023-09-02 22:07:53 [0011.763868s | Δ00.440348s] [DEBUG] - main >> env.update()
2023-09-02 22:07:53 [0011.940012s | Δ00.176144s] [DEBUG] - main >> env.update_terrain
2023-09-02 22:07:53 [0011.940323s | Δ00.000311s] [DEBUG] - main >> render_current_state
2023-09-02 22:07:54 [0012.381080s | Δ00.440757s] [DEBUG] - main >> env.update()
2023-09-02 22:07:54 [0012.552265s | Δ00.171185s] [DEBUG] - main >> env.update_terrain
2023-09-02 22:07:54 [0012.552364s | Δ00.000099s] [DEBUG] - main >> render_current_state
2023-09-02 22:07:55 [0012.991272s | Δ00.438908s] [DEBUG] - main >> env.update()
2023-09-02 22:07:55 [0013.162876s | Δ00.171604s] [DEBUG] - main >> env.update_terrain
2023-09-02 22:07:55 [0013.162999s | Δ00.000122s] [DEBUG] - main >> render_current_state
2023-09-02 22:07:55 [0013.595891s | Δ00.432892s] [DEBUG] - main >> env.update()
2023-09-02 22:07:55 [0013.765542s | Δ00.169652s] [DEBUG] - main >> env.update_terrain
2023-09-02 22:07:55 [0013.765633s | Δ00.000091s] [DEBUG] - main >> render_current_state
2023-09-02 22:07:56 [0014.203074s | Δ00.437440s] [DEBUG] - main >> env.update()
2023-09-02 22:07:56 [0014.373876s | Δ00.170802s] [DEBUG] - main >> env.update_terrain
2023-09-02 22:07:56 [0014.373966s | Δ00.000090s] [DEBUG] - main >> render_current_state
2023-09-02 22:07:56 [0014.810251s | Δ00.436285s] [DEBUG] - main >> env.update()
2023-09-02 22:07:57 [0014.981342s | Δ00.171091s] [DEBUG] - main >> env.update_terrain
2023-09-02 22:07:57 [0014.981434s | Δ00.000093s] [DEBUG] - main >> render_current_state
2023-09-02 22:07:57 [0015.416456s | Δ00.435021s] [DEBUG] - main >> env.update()
2023-09-02 22:07:57 [0015.590914s | Δ00.174458s] [DEBUG] - main >> env.update_terrain
2023-09-02 22:07:57 [0015.591009s | Δ00.000095s] [DEBUG] - main >> render_current_state
2023-09-02 22:07:58 [0016.024699s | Δ00.433690s] [DEBUG] - main >> env.update()
2023-09-02 22:07:58 [0016.204699s | Δ00.180000s] [DEBUG] - main >> env.update_terrain
2023-09-02 22:07:58 [0016.204805s | Δ00.000106s] [DEBUG] - main >> render_current_state
2023-09-02 22:07:58 [0016.645140s | Δ00.440336s] [DEBUG] - main >> env.update()
2023-09-02 22:07:58 [0016.813923s | Δ00.168782s] [DEBUG] - main >> env.update_terrain
2023-09-02 22:07:58 [0016.814017s | Δ00.000095s] [DEBUG] - main >> render_current_state
2023-09-02 22:07:59 [0017.249895s | Δ00.435878s] [DEBUG] - main >> env.update()
2023-09-02 22:07:59 [0017.421501s | Δ00.171606s] [DEBUG] - main >> env.update_terrain
2023-09-02 22:07:59 [0017.421603s | Δ00.000102s] [DEBUG] - main >> render_current_state
2023-09-02 22:07:59 [0017.864118s | Δ00.442515s] [DEBUG] - main >> env.update()
2023-09-02 22:08:00 [0018.035077s | Δ00.170959s] [DEBUG] - main >> env.update_terrain
2023-09-02 22:08:00 [0018.035188s | Δ00.000111s] [DEBUG] - main >> render_current_state
2023-09-02 22:08:00 [0018.454368s | Δ00.419180s] [DEBUG] - main >> env.update()
2023-09-02 22:08:00 [0018.635403s | Δ00.181035s] [DEBUG] - main >> env.update_terrain
2023-09-02 22:08:00 [0018.635521s | Δ00.000118s] [DEBUG] - main >> render_current_state
2023-09-02 22:08:01 [0019.031062s | Δ00.395541s] [DEBUG] - main >> env.update()
2023-09-02 22:08:01 [0019.199519s | Δ00.168457s] [DEBUG] - main >> env.update_terrain
2023-09-02 22:08:01 [0019.199615s | Δ00.000096s] [DEBUG] - main >> render_current_state
2023-09-02 22:08:01 [0019.594750s | Δ00.395134s] [DEBUG] - main >> env.update()
2023-09-02 22:08:01 [0019.763425s | Δ00.168675s] [DEBUG] - main >> env.update_terrain
2023-09-02 22:08:01 [0019.763534s | Δ00.000109s] [DEBUG] - main >> render_current_state
2023-09-02 22:08:02 [0020.193898s | Δ00.430363s] [DEBUG] - main >> env.update()
2023-09-02 22:08:02 [0020.364477s | Δ00.170580s] [DEBUG] - main >> env.update_terrain
2023-09-02 22:08:02 [0020.364600s | Δ00.000122s] [DEBUG] - main >> render_current_state
2023-09-02 22:08:02 [0020.799421s | Δ00.434821s] [DEBUG] - main >> env.update()
2023-09-02 22:08:03 [0020.971561s | Δ00.172140s] [DEBUG] - main >> env.update_terrain
2023-09-02 22:08:03 [0020.971654s | Δ00.000094s] [DEBUG] - main >> render_current_state
2023-09-02 22:08:03 [0021.404233s | Δ00.432578s] [DEBUG] - main >> env.update()
2023-09-02 22:08:03 [0021.580772s | Δ00.176539s] [DEBUG] - main >> env.update_terrain
2023-09-02 22:08:03 [0021.580862s | Δ00.000090s] [DEBUG] - main >> render_current_state
2023-09-02 22:08:04 [0022.012779s | Δ00.431917s] [DEBUG] - main >> env.update()
2023-09-02 22:08:04 [0022.186637s | Δ00.173858s] [DEBUG] - main >> env.update_terrain
2023-09-02 22:08:04 [0022.186744s | Δ00.000107s] [DEBUG] - main >> render_current_state
2023-09-02 22:08:04 [0022.637023s | Δ00.450279s] [DEBUG] - main >> env.update()
2023-09-02 22:08:04 [0022.824721s | Δ00.187698s] [DEBUG] - main >> env.update_terrain
2023-09-02 22:08:04 [0022.825611s | Δ00.000890s] [DEBUG] - main >> render_current_state
2023-09-02 22:08:05 [0023.256619s | Δ00.431008s] [DEBUG] - main >> env.update()
2023-09-02 22:08:05 [0023.426884s | Δ00.170265s] [DEBUG] - main >> env.update_terrain
2023-09-02 22:08:05 [0023.427292s | Δ00.000408s] [DEBUG] - main >> render_current_state
2023-09-02 22:08:05 [0023.845754s | Δ00.418462s] [DEBUG] - main >> env.update()
2023-09-02 22:08:06 [0024.014633s | Δ00.168879s] [DEBUG] - main >> env.update_terrain
2023-09-02 22:08:06 [0024.014900s | Δ00.000268s] [DEBUG] - main >> render_current_state
2023-09-02 22:08:06 [0024.417022s | Δ00.402121s] [DEBUG] - main >> env.update()
2023-09-02 22:08:06 [0024.605341s | Δ00.188320s] [DEBUG] - main >> env.update_terrain
2023-09-02 22:08:06 [0024.605549s | Δ00.000208s] [DEBUG] - main >> render_current_state
2023-09-02 22:08:07 [0025.011304s | Δ00.405755s] [DEBUG] - main >> env.update()
2023-09-02 22:08:07 [0025.196498s | Δ00.185194s] [DEBUG] - main >> env.update_terrain
2023-09-02 22:08:07 [0025.197873s | Δ00.001375s] [DEBUG] - main >> render_current_state
2023-09-02 22:08:07 [0025.669054s | Δ00.471181s] [DEBUG] - main >> env.update()
2023-09-02 22:08:07 [0025.843384s | Δ00.174330s] [DEBUG] - main >> env.update_terrain
2023-09-02 22:08:07 [0025.843636s | Δ00.000252s] [DEBUG] - main >> render_current_state
2023-09-02 22:08:08 [0026.282969s | Δ00.439333s] [DEBUG] - main >> env.update()
2023-09-02 22:08:08 [0026.454300s | Δ00.171331s] [DEBUG] - main >> env.update_terrain
2023-09-02 22:08:08 [0026.454394s | Δ00.000094s] [DEBUG] - main >> render_current_state
2023-09-02 22:08:08 [0026.887969s | Δ00.433575s] [DEBUG] - main >> env.update()
2023-09-02 22:08:09 [0027.058398s | Δ00.170429s] [DEBUG] - main >> env.update_terrain
2023-09-02 22:08:09 [0027.058487s | Δ00.000090s] [DEBUG] - main >> render_current_state
2023-09-02 22:08:09 [0027.457540s | Δ00.399053s] [DEBUG] - main >> env.update()
2023-09-02 22:08:09 [0027.629602s | Δ00.172061s] [DEBUG] - main >> env.update_terrain
2023-09-02 22:08:09 [0027.629692s | Δ00.000090s] [DEBUG] - main >> render_current_state
2023-09-02 22:08:10 [0028.031809s | Δ00.402117s] [DEBUG] - main >> env.update()
2023-09-02 22:08:10 [0028.205644s | Δ00.173836s] [DEBUG] - main >> env.update_terrain
2023-09-02 22:08:10 [0028.205737s | Δ00.000093s] [DEBUG] - main >> render_current_state
2023-09-02 22:08:10 [0028.605973s | Δ00.400236s] [DEBUG] - main >> env.update()
2023-09-02 22:08:10 [0028.810857s | Δ00.204883s] [DEBUG] - main >> env.update_terrain
2023-09-02 22:08:10 [0028.810964s | Δ00.000107s] [DEBUG] - main >> render_current_state
2023-09-02 22:08:11 [0029.298343s | Δ00.487379s] [DEBUG] - main >> env.update()
2023-09-02 22:08:11 [0029.467995s | Δ00.169653s] [DEBUG] - main >> env.update_terrain
2023-09-02 22:08:11 [0029.468094s | Δ00.000098s] [DEBUG] - main >> render_current_state
2023-09-02 22:08:11 [0029.901378s | Δ00.433285s] [DEBUG] - main >> env.update()
2023-09-02 22:08:12 [0030.074573s | Δ00.173195s] [DEBUG] - main >> env.update_terrain
2023-09-02 22:08:12 [0030.074680s | Δ00.000107s] [DEBUG] - main >> render_current_state
2023-09-02 22:08:12 [0030.512724s | Δ00.438044s] [DEBUG] - main >> env.update()
2023-09-02 22:08:12 [0030.683578s | Δ00.170854s] [DEBUG] - main >> env.update_terrain
2023-09-02 22:08:12 [0030.683669s | Δ00.000091s] [DEBUG] - main >> render_current_state
2023-09-02 22:08:13 [0031.114706s | Δ00.431037s] [DEBUG] - main >> env.update()
2023-09-02 22:08:13 [0031.284463s | Δ00.169757s] [DEBUG] - main >> env.update_terrain
2023-09-02 22:08:13 [0031.284585s | Δ00.000122s] [DEBUG] - main >> render_current_state
2023-09-02 22:08:13 [0031.718365s | Δ00.433780s] [DEBUG] - main >> env.update()
2023-09-02 22:08:13 [0031.888776s | Δ00.170411s] [DEBUG] - main >> env.update_terrain
2023-09-02 22:08:13 [0031.888992s | Δ00.000216s] [DEBUG] - main >> render_current_state
2023-09-02 22:08:14 [0032.326066s | Δ00.437074s] [DEBUG] - main >> env.update()
2023-09-02 22:08:14 [0032.497658s | Δ00.171592s] [DEBUG] - main >> env.update_terrain
2023-09-02 22:08:14 [0032.497755s | Δ00.000097s] [DEBUG] - main >> render_current_state
2023-09-02 22:08:14 [0032.934749s | Δ00.436994s] [DEBUG] - main >> env.update()
2023-09-02 22:08:15 [0033.107284s | Δ00.172535s] [DEBUG] - main >> env.update_terrain
2023-09-02 22:08:15 [0033.107435s | Δ00.000151s] [DEBUG] - main >> render_current_state
2023-09-02 22:08:15 [0033.546658s | Δ00.439223s] [DEBUG] - main >> env.update()
2023-09-02 22:08:15 [0033.718668s | Δ00.172010s] [DEBUG] - main >> env.update_terrain
2023-09-02 22:08:15 [0033.718935s | Δ00.000267s] [DEBUG] - main >> render_current_state
2023-09-02 22:08:16 [0034.157672s | Δ00.438737s] [DEBUG] - main >> env.update()
2023-09-02 22:08:16 [0034.327780s | Δ00.170107s] [DEBUG] - main >> env.update_terrain
2023-09-02 22:08:16 [0034.327912s | Δ00.000132s] [DEBUG] - main >> render_current_state
2023-09-02 22:08:16 [0034.754335s | Δ00.426423s] [DEBUG] - main >> env.update()
2023-09-02 22:08:16 [0034.922120s | Δ00.167786s] [DEBUG] - main >> env.update_terrain
2023-09-02 22:08:16 [0034.922223s | Δ00.000103s] [DEBUG] - main >> render_current_state
2023-09-02 22:08:17 [0035.353318s | Δ00.431095s] [DEBUG] - main >> env.update()
2023-09-02 22:08:17 [0035.525851s | Δ00.172533s] [DEBUG] - main >> env.update_terrain
2023-09-02 22:08:17 [0035.525950s | Δ00.000099s] [DEBUG] - main >> render_current_state
2023-09-02 22:08:17 [0035.960483s | Δ00.434534s] [DEBUG] - main >> env.update()
2023-09-02 22:08:18 [0036.129788s | Δ00.169305s] [DEBUG] - main >> env.update_terrain
2023-09-02 22:08:18 [0036.129895s | Δ00.000107s] [DEBUG] - main >> render_current_state
2023-09-02 22:08:18 [0036.577235s | Δ00.447340s] [DEBUG] - main >> env.update()
2023-09-02 22:08:18 [0036.753917s | Δ00.176682s] [DEBUG] - main >> env.update_terrain
2023-09-02 22:08:18 [0036.754102s | Δ00.000184s] [DEBUG] - main >> render_current_state
2023-09-02 22:08:19 [0037.217636s | Δ00.463535s] [DEBUG] - main >> env.update()
2023-09-02 22:08:19 [0037.395325s | Δ00.177689s] [DEBUG] - main >> env.update_terrain
2023-09-02 22:08:19 [0037.395496s | Δ00.000171s] [DEBUG] - main >> render_current_state
2023-09-02 22:08:19 [0037.845886s | Δ00.450391s] [DEBUG] - main >> env.update()
2023-09-02 22:08:20 [0038.022157s | Δ00.176271s] [DEBUG] - main >> env.update_terrain
2023-09-02 22:08:20 [0038.022310s | Δ00.000152s] [DEBUG] - main >> render_current_state
2023-09-02 22:08:20 [0038.462657s | Δ00.440348s] [DEBUG] - main >> env.update()
2023-09-02 22:08:20 [0038.634912s | Δ00.172255s] [DEBUG] - main >> env.update_terrain
2023-09-02 22:08:20 [0038.635017s | Δ00.000105s] [DEBUG] - main >> render_current_state
2023-09-02 22:08:21 [0039.074376s | Δ00.439359s] [DEBUG] - main >> env.update()
2023-09-02 22:08:21 [0039.283128s | Δ00.208752s] [DEBUG] - main >> env.update_terrain
2023-09-02 22:08:21 [0039.283256s | Δ00.000128s] [DEBUG] - main >> render_current_state
2023-09-02 22:08:21 [0039.750765s | Δ00.467509s] [DEBUG] - main >> env.update()
2023-09-02 22:08:21 [0039.920971s | Δ00.170207s] [DEBUG] - main >> env.update_terrain
2023-09-02 22:08:21 [0039.921081s | Δ00.000109s] [DEBUG] - main >> render_current_state
2023-09-02 22:08:22 [0040.360577s | Δ00.439497s] [DEBUG] - main >> env.update()
2023-09-02 22:08:22 [0040.535306s | Δ00.174728s] [DEBUG] - main >> env.update_terrain
2023-09-02 22:08:22 [0040.535412s | Δ00.000106s] [DEBUG] - main >> render_current_state
2023-09-02 22:08:23 [0040.971590s | Δ00.436179s] [DEBUG] - main >> env.update()
2023-09-02 22:08:23 [0041.144492s | Δ00.172901s] [DEBUG] - main >> env.update_terrain
2023-09-02 22:08:23 [0041.144596s | Δ00.000104s] [DEBUG] - main >> render_current_state
2023-09-02 22:08:23 [0041.586104s | Δ00.441508s] [DEBUG] - main >> env.update()
2023-09-02 22:08:23 [0041.758854s | Δ00.172750s] [DEBUG] - main >> env.update_terrain
2023-09-02 22:08:23 [0041.758952s | Δ00.000098s] [DEBUG] - main >> render_current_state
2023-09-02 22:08:24 [0042.189839s | Δ00.430887s] [DEBUG] - main >> env.update()
2023-09-02 22:08:24 [0042.362998s | Δ00.173158s] [DEBUG] - main >> env.update_terrain
2023-09-02 22:08:24 [0042.363097s | Δ00.000099s] [DEBUG] - main >> render_current_state
2023-09-02 22:08:24 [0042.794622s | Δ00.431525s] [DEBUG] - main >> env.update()
2023-09-02 22:08:24 [0042.965026s | Δ00.170404s] [DEBUG] - main >> env.update_terrain
2023-09-02 22:08:24 [0042.965128s | Δ00.000102s] [DEBUG] - main >> render_current_state
2023-09-02 22:08:25 [0043.397419s | Δ00.432291s] [DEBUG] - main >> env.update()
2023-09-02 22:08:25 [0043.565795s | Δ00.168377s] [DEBUG] - main >> env.update_terrain
2023-09-02 22:08:25 [0043.565906s | Δ00.000110s] [DEBUG] - main >> render_current_state
2023-09-02 22:08:26 [0044.001086s | Δ00.435181s] [DEBUG] - main >> env.update()
2023-09-02 22:08:26 [0044.172585s | Δ00.171499s] [DEBUG] - main >> env.update_terrain
2023-09-02 22:08:26 [0044.172690s | Δ00.000105s] [DEBUG] - main >> render_current_state
2023-09-02 22:08:26 [0044.602994s | Δ00.430304s] [DEBUG] - main >> env.update()
2023-09-02 22:08:26 [0044.777296s | Δ00.174301s] [DEBUG] - main >> env.update_terrain
2023-09-02 22:08:26 [0044.777414s | Δ00.000119s] [DEBUG] - main >> render_current_state
2023-09-02 22:08:27 [0045.216918s | Δ00.439503s] [DEBUG] - main >> env.update()
2023-09-02 22:08:27 [0045.387659s | Δ00.170741s] [DEBUG] - main >> env.update_terrain
2023-09-02 22:08:27 [0045.387804s | Δ00.000146s] [DEBUG] - main >> render_current_state
2023-09-02 22:08:27 [0045.821767s | Δ00.433962s] [DEBUG] - main >> env.update()
2023-09-02 22:08:28 [0046.002700s | Δ00.180934s] [DEBUG] - main >> env.update_terrain
2023-09-02 22:08:28 [0046.002788s | Δ00.000088s] [DEBUG] - main >> render_current_state
2023-09-02 22:08:28 [0046.443403s | Δ00.440614s] [DEBUG] - main >> env.update()
2023-09-02 22:08:28 [0046.614259s | Δ00.170856s] [DEBUG] - main >> env.update_terrain
2023-09-02 22:08:28 [0046.614354s | Δ00.000096s] [DEBUG] - main >> render_current_state
2023-09-02 22:08:29 [0047.015577s | Δ00.401222s] [DEBUG] - main >> env.update()
2023-09-02 22:08:29 [0047.188232s | Δ00.172656s] [DEBUG] - main >> env.update_terrain
2023-09-02 22:08:29 [0047.188337s | Δ00.000105s] [DEBUG] - main >> render_current_state
2023-09-02 22:08:29 [0047.579869s | Δ00.391532s] [DEBUG] - main >> env.update()
2023-09-02 22:08:29 [0047.751861s | Δ00.171992s] [DEBUG] - main >> env.update_terrain
2023-09-02 22:08:29 [0047.751957s | Δ00.000095s] [DEBUG] - main >> render_current_state
2023-09-02 22:08:30 [0048.155009s | Δ00.403052s] [DEBUG] - main >> env.update()
2023-09-02 22:08:30 [0048.324249s | Δ00.169240s] [DEBUG] - main >> env.update_terrain
2023-09-02 22:08:30 [0048.324345s | Δ00.000096s] [DEBUG] - main >> render_current_state
2023-09-02 22:08:30 [0048.757173s | Δ00.432828s] [DEBUG] - main >> env.update()
2023-09-02 22:08:30 [0048.927701s | Δ00.170528s] [DEBUG] - main >> env.update_terrain
2023-09-02 22:08:30 [0048.927854s | Δ00.000153s] [DEBUG] - main >> render_current_state
2023-09-02 22:08:31 [0049.364256s | Δ00.436402s] [DEBUG] - main >> env.update()
2023-09-02 22:08:31 [0049.539751s | Δ00.175495s] [DEBUG] - main >> env.update_terrain
2023-09-02 22:08:31 [0049.539910s | Δ00.000159s] [DEBUG] - main >> render_current_state
2023-09-02 22:08:32 [0050.015355s | Δ00.475445s] [DEBUG] - main >> env.update()
2023-09-02 22:08:32 [0050.190957s | Δ00.175602s] [DEBUG] - main >> env.update_terrain
2023-09-02 22:08:32 [0050.191057s | Δ00.000100s] [DEBUG] - main >> render_current_state
2023-09-02 22:08:32 [0050.625358s | Δ00.434301s] [DEBUG] - main >> env.update()
2023-09-02 22:08:32 [0050.797039s | Δ00.171681s] [DEBUG] - main >> env.update_terrain
2023-09-02 22:08:32 [0050.797135s | Δ00.000095s] [DEBUG] - main >> render_current_state
2023-09-02 22:08:33 [0051.235538s | Δ00.438403s] [DEBUG] - main >> env.update()
2023-09-02 22:08:33 [0051.409265s | Δ00.173727s] [DEBUG] - main >> env.update_terrain
2023-09-02 22:08:33 [0051.409358s | Δ00.000094s] [DEBUG] - main >> render_current_state
2023-09-02 22:08:33 [0051.845361s | Δ00.436002s] [DEBUG] - main >> env.update()
2023-09-02 22:08:34 [0052.017380s | Δ00.172019s] [DEBUG] - main >> env.update_terrain
2023-09-02 22:08:34 [0052.017477s | Δ00.000097s] [DEBUG] - main >> render_current_state
2023-09-02 22:08:34 [0052.459540s | Δ00.442063s] [DEBUG] - main >> env.update()
2023-09-02 22:08:34 [0052.631044s | Δ00.171504s] [DEBUG] - main >> env.update_terrain
2023-09-02 22:08:34 [0052.631147s | Δ00.000104s] [DEBUG] - main >> render_current_state
2023-09-02 22:08:35 [0053.067716s | Δ00.436569s] [DEBUG] - main >> env.update()
2023-09-02 22:08:35 [0053.245656s | Δ00.177940s] [DEBUG] - main >> env.update_terrain
2023-09-02 22:08:35 [0053.245774s | Δ00.000118s] [DEBUG] - main >> render_current_state
2023-09-02 22:08:35 [0053.689930s | Δ00.444156s] [DEBUG] - main >> env.update()
2023-09-02 22:08:35 [0053.867530s | Δ00.177599s] [DEBUG] - main >> env.update_terrain
2023-09-02 22:08:35 [0053.867638s | Δ00.000108s] [DEBUG] - main >> render_current_state
2023-09-02 22:08:36 [0054.271016s | Δ00.403378s] [DEBUG] - main >> env.update()
2023-09-02 22:08:36 [0054.444697s | Δ00.173681s] [DEBUG] - main >> env.update_terrain
2023-09-02 22:08:36 [0054.444791s | Δ00.000094s] [DEBUG] - main >> render_current_state
2023-09-02 22:08:36 [0054.846837s | Δ00.402046s] [DEBUG] - main >> env.update()
2023-09-02 22:08:37 [0055.020617s | Δ00.173780s] [DEBUG] - main >> env.update_terrain
2023-09-02 22:08:37 [0055.020708s | Δ00.000090s] [DEBUG] - main >> render_current_state
2023-09-02 22:08:37 [0055.429379s | Δ00.408672s] [DEBUG] - main >> env.update()
2023-09-02 22:08:37 [0055.599466s | Δ00.170087s] [DEBUG] - main >> env.update_terrain
2023-09-02 22:08:37 [0055.599578s | Δ00.000112s] [DEBUG] - main >> render_current_state
2023-09-02 22:08:38 [0056.026651s | Δ00.427072s] [DEBUG] - main >> env.update()
2023-09-02 22:08:38 [0056.202950s | Δ00.176299s] [DEBUG] - main >> env.update_terrain
2023-09-02 22:08:38 [0056.203063s | Δ00.000114s] [DEBUG] - main >> render_current_state
2023-09-02 22:08:38 [0056.635690s | Δ00.432627s] [DEBUG] - main >> env.update()
2023-09-02 22:08:38 [0056.805541s | Δ00.169851s] [DEBUG] - main >> env.update_terrain
2023-09-02 22:08:38 [0056.805633s | Δ00.000092s] [DEBUG] - main >> render_current_state
2023-09-02 22:08:39 [0057.240851s | Δ00.435218s] [DEBUG] - main >> env.update()
2023-09-02 22:08:39 [0057.411478s | Δ00.170627s] [DEBUG] - main >> env.update_terrain
2023-09-02 22:08:39 [0057.411588s | Δ00.000110s] [DEBUG] - main >> render_current_state
2023-09-02 22:08:39 [0057.842084s | Δ00.430496s] [DEBUG] - main >> env.update()
2023-09-02 22:08:40 [0058.012052s | Δ00.169968s] [DEBUG] - main >> env.update_terrain
2023-09-02 22:08:40 [0058.012144s | Δ00.000092s] [DEBUG] - main >> render_current_state
2023-09-02 22:08:40 [0058.414348s | Δ00.402204s] [DEBUG] - main >> env.update()
2023-09-02 22:08:40 [0058.588658s | Δ00.174310s] [DEBUG] - main >> env.update_terrain
2023-09-02 22:08:40 [0058.588755s | Δ00.000097s] [DEBUG] - main >> render_current_state
2023-09-02 22:08:41 [0058.995609s | Δ00.406854s] [DEBUG] - main >> env.update()
2023-09-02 22:08:41 [0059.172745s | Δ00.177136s] [DEBUG] - main >> env.update_terrain
2023-09-02 22:08:41 [0059.172850s | Δ00.000105s] [DEBUG] - main >> render_current_state
2023-09-02 22:08:41 [0059.592201s | Δ00.419352s] [DEBUG] - main >> env.update()
2023-09-02 22:08:41 [0059.777512s | Δ00.185311s] [DEBUG] - main >> env.update_terrain
2023-09-02 22:08:41 [0059.777617s | Δ00.000105s] [DEBUG] - main >> render_current_state
2023-09-02 22:08:42 [0060.233001s | Δ00.455383s] [DEBUG] - main >> env.update()
2023-09-02 22:08:42 [0060.407680s | Δ00.174679s] [DEBUG] - main >> env.update_terrain
2023-09-02 22:08:42 [0060.407775s | Δ00.000095s] [DEBUG] - main >> render_current_state
2023-09-02 22:08:42 [0060.841722s | Δ00.433947s] [DEBUG] - main >> env.update()
2023-09-02 22:08:43 [0061.011602s | Δ00.169880s] [DEBUG] - main >> env.update_terrain
2023-09-02 22:08:43 [0061.011696s | Δ00.000094s] [DEBUG] - main >> render_current_state
2023-09-02 22:08:43 [0061.447889s | Δ00.436193s] [DEBUG] - main >> env.update()
2023-09-02 22:08:43 [0061.617949s | Δ00.170060s] [DEBUG] - main >> env.update_terrain
2023-09-02 22:08:43 [0061.618069s | Δ00.000120s] [DEBUG] - main >> render_current_state
2023-09-02 22:08:44 [0062.055643s | Δ00.437574s] [DEBUG] - main >> env.update()
2023-09-02 22:08:44 [0062.227899s | Δ00.172255s] [DEBUG] - main >> env.update_terrain
2023-09-02 22:08:44 [0062.227996s | Δ00.000097s] [DEBUG] - main >> render_current_state
2023-09-02 22:08:44 [0062.624255s | Δ00.396259s] [DEBUG] - main >> env.update()
2023-09-02 22:08:44 [0062.798616s | Δ00.174361s] [DEBUG] - main >> env.update_terrain
2023-09-02 22:08:44 [0062.798717s | Δ00.000101s] [DEBUG] - main >> render_current_state
2023-09-02 22:08:45 [0063.206918s | Δ00.408201s] [DEBUG] - main >> env.update()
2023-09-02 22:08:45 [0063.375617s | Δ00.168700s] [DEBUG] - main >> env.update_terrain
2023-09-02 22:08:45 [0063.375711s | Δ00.000093s] [DEBUG] - main >> render_current_state
2023-09-02 22:08:45 [0063.776614s | Δ00.400903s] [DEBUG] - main >> env.update()
2023-09-02 22:08:45 [0063.949370s | Δ00.172756s] [DEBUG] - main >> env.update_terrain
2023-09-02 22:08:45 [0063.949475s | Δ00.000105s] [DEBUG] - main >> render_current_state
2023-09-02 22:08:46 [0064.381255s | Δ00.431780s] [DEBUG] - main >> env.update()
2023-09-02 22:08:46 [0064.550667s | Δ00.169412s] [DEBUG] - main >> env.update_terrain
2023-09-02 22:08:46 [0064.550764s | Δ00.000096s] [DEBUG] - main >> render_current_state
2023-09-02 22:08:47 [0064.981851s | Δ00.431087s] [DEBUG] - main >> env.update()
2023-09-02 22:08:47 [0065.152164s | Δ00.170314s] [DEBUG] - main >> env.update_terrain
2023-09-02 22:08:47 [0065.152257s | Δ00.000093s] [DEBUG] - main >> render_current_state
2023-09-02 22:08:47 [0065.582381s | Δ00.430124s] [DEBUG] - main >> env.update()
2023-09-02 22:08:47 [0065.756068s | Δ00.173687s] [DEBUG] - main >> env.update_terrain
2023-09-02 22:08:47 [0065.756157s | Δ00.000089s] [DEBUG] - main >> render_current_state
2023-09-02 22:08:48 [0066.205353s | Δ00.449197s] [DEBUG] - main >> env.update()
2023-09-02 22:08:48 [0066.375581s | Δ00.170228s] [DEBUG] - main >> env.update_terrain
2023-09-02 22:08:48 [0066.375676s | Δ00.000095s] [DEBUG] - main >> render_current_state
2023-09-02 22:08:48 [0066.808175s | Δ00.432499s] [DEBUG] - main >> env.update()
2023-09-02 22:08:49 [0066.981195s | Δ00.173020s] [DEBUG] - main >> env.update_terrain
2023-09-02 22:08:49 [0066.981299s | Δ00.000104s] [DEBUG] - main >> render_current_state
2023-09-02 22:08:49 [0067.420559s | Δ00.439260s] [DEBUG] - main >> env.update()
2023-09-02 22:08:49 [0067.590969s | Δ00.170411s] [DEBUG] - main >> env.update_terrain
2023-09-02 22:08:49 [0067.591060s | Δ00.000091s] [DEBUG] - main >> render_current_state
2023-09-02 22:08:50 [0067.988940s | Δ00.397879s] [DEBUG] - main >> env.update()
2023-09-02 22:08:50 [0068.164812s | Δ00.175872s] [DEBUG] - main >> env.update_terrain
2023-09-02 22:08:50 [0068.164905s | Δ00.000093s] [DEBUG] - main >> render_current_state
2023-09-02 22:08:50 [0068.564910s | Δ00.400005s] [DEBUG] - main >> env.update()
2023-09-02 22:08:50 [0068.736644s | Δ00.171734s] [DEBUG] - main >> env.update_terrain
2023-09-02 22:08:50 [0068.736747s | Δ00.000103s] [DEBUG] - main >> render_current_state
2023-09-02 22:08:51 [0069.135701s | Δ00.398955s] [DEBUG] - main >> env.update()
2023-09-02 22:08:51 [0069.309135s | Δ00.173434s] [DEBUG] - main >> env.update_terrain
2023-09-02 22:08:51 [0069.309231s | Δ00.000095s] [DEBUG] - main >> render_current_state
2023-09-02 22:08:51 [0069.750505s | Δ00.441274s] [DEBUG] - main >> env.update()
2023-09-02 22:08:51 [0069.921029s | Δ00.170525s] [DEBUG] - main >> env.update_terrain
2023-09-02 22:08:51 [0069.921142s | Δ00.000113s] [DEBUG] - main >> render_current_state
2023-09-02 22:08:52 [0070.365019s | Δ00.443876s] [DEBUG] - main >> env.update()
2023-09-02 22:08:52 [0070.545294s | Δ00.180275s] [DEBUG] - main >> env.update_terrain
2023-09-02 22:08:52 [0070.545439s | Δ00.000145s] [DEBUG] - main >> render_current_state
2023-09-02 22:08:53 [0070.984510s | Δ00.439071s] [DEBUG] - main >> env.update()
2023-09-02 22:08:53 [0071.162347s | Δ00.177837s] [DEBUG] - main >> env.update_terrain
2023-09-02 22:08:53 [0071.162472s | Δ00.000125s] [DEBUG] - main >> render_current_state
2023-09-02 22:08:53 [0071.619918s | Δ00.457445s] [DEBUG] - main >> env.update()
2023-09-02 22:08:53 [0071.795012s | Δ00.175094s] [DEBUG] - main >> env.update_terrain
2023-09-02 22:08:53 [0071.795105s | Δ00.000093s] [DEBUG] - main >> render_current_state
2023-09-02 22:08:54 [0072.232542s | Δ00.437437s] [DEBUG] - main >> env.update()
2023-09-02 22:08:54 [0072.408219s | Δ00.175677s] [DEBUG] - main >> env.update_terrain
2023-09-02 22:08:54 [0072.408316s | Δ00.000097s] [DEBUG] - main >> render_current_state
2023-09-02 22:08:54 [0072.837228s | Δ00.428912s] [DEBUG] - main >> env.update()
2023-09-02 22:08:55 [0073.005705s | Δ00.168477s] [DEBUG] - main >> env.update_terrain
2023-09-02 22:08:55 [0073.005795s | Δ00.000090s] [DEBUG] - main >> render_current_state
2023-09-02 22:08:55 [0073.440690s | Δ00.434896s] [DEBUG] - main >> env.update()
2023-09-02 22:08:55 [0073.608991s | Δ00.168301s] [DEBUG] - main >> env.update_terrain
2023-09-02 22:08:55 [0073.609087s | Δ00.000096s] [DEBUG] - main >> render_current_state
2023-09-02 22:08:56 [0074.044945s | Δ00.435858s] [DEBUG] - main >> env.update()
2023-09-02 22:08:56 [0074.215719s | Δ00.170774s] [DEBUG] - main >> env.update_terrain
2023-09-02 22:08:56 [0074.215816s | Δ00.000096s] [DEBUG] - main >> render_current_state
2023-09-02 22:08:56 [0074.658522s | Δ00.442707s] [DEBUG] - main >> env.update()
2023-09-02 22:08:56 [0074.837823s | Δ00.179301s] [DEBUG] - main >> env.update_terrain
2023-09-02 22:08:56 [0074.837953s | Δ00.000130s] [DEBUG] - main >> render_current_state
2023-09-02 22:08:57 [0075.247534s | Δ00.409581s] [DEBUG] - main >> env.update()
2023-09-02 22:08:57 [0075.428395s | Δ00.180861s] [DEBUG] - main >> env.update_terrain
2023-09-02 22:08:57 [0075.428529s | Δ00.000134s] [DEBUG] - main >> render_current_state
2023-09-02 22:08:57 [0075.844347s | Δ00.415818s] [DEBUG] - main >> env.update()
2023-09-02 22:08:58 [0076.019758s | Δ00.175410s] [DEBUG] - main >> env.update_terrain
2023-09-02 22:08:58 [0076.019859s | Δ00.000102s] [DEBUG] - main >> render_current_state
2023-09-02 22:08:58 [0076.437703s | Δ00.417844s] [DEBUG] - main >> env.update()
2023-09-02 22:08:58 [0076.618078s | Δ00.180375s] [DEBUG] - main >> env.update_terrain
2023-09-02 22:08:58 [0076.618196s | Δ00.000118s] [DEBUG] - main >> render_current_state
2023-09-02 22:08:59 [0077.072904s | Δ00.454708s] [DEBUG] - main >> env.update()
2023-09-02 22:08:59 [0077.252026s | Δ00.179122s] [DEBUG] - main >> env.update_terrain
2023-09-02 22:08:59 [0077.252580s | Δ00.000554s] [DEBUG] - main >> render_current_state
2023-09-02 22:08:59 [0077.696801s | Δ00.444222s] [DEBUG] - main >> env.update()
2023-09-02 22:08:59 [0077.876311s | Δ00.179510s] [DEBUG] - main >> env.update_terrain
2023-09-02 22:08:59 [0077.876443s | Δ00.000132s] [DEBUG] - main >> render_current_state
2023-09-02 22:09:00 [0078.335952s | Δ00.459509s] [DEBUG] - main >> env.update()
2023-09-02 22:09:00 [0078.521288s | Δ00.185336s] [DEBUG] - main >> env.update_terrain
2023-09-02 22:09:00 [0078.521462s | Δ00.000174s] [DEBUG] - main >> render_current_state
2023-09-02 22:09:00 [0078.961141s | Δ00.439680s] [DEBUG] - main >> env.update()
2023-09-02 22:09:01 [0079.136077s | Δ00.174935s] [DEBUG] - main >> env.update_terrain
2023-09-02 22:09:01 [0079.136181s | Δ00.000104s] [DEBUG] - main >> render_current_state
2023-09-02 22:09:01 [0079.574302s | Δ00.438121s] [DEBUG] - main >> env.update()
2023-09-02 22:09:01 [0079.751692s | Δ00.177390s] [DEBUG] - main >> env.update_terrain
2023-09-02 22:09:01 [0079.751802s | Δ00.000110s] [DEBUG] - main >> render_current_state
2023-09-02 22:09:02 [0080.185574s | Δ00.433772s] [DEBUG] - main >> env.update()
2023-09-02 22:09:02 [0080.360787s | Δ00.175214s] [DEBUG] - main >> env.update_terrain
2023-09-02 22:09:02 [0080.360877s | Δ00.000090s] [DEBUG] - main >> render_current_state
2023-09-02 22:09:02 [0080.853295s | Δ00.492417s] [DEBUG] - main >> env.update()
2023-09-02 22:09:03 [0081.038958s | Δ00.185663s] [DEBUG] - main >> env.update_terrain
2023-09-02 22:09:03 [0081.539217s | Δ00.500259s] [DEBUG] - main >> Escape pressed, exiting
2023-09-02 22:09:03 [0081.539309s | Δ00.000092s] [DEBUG] - main >> Exiting main loop
